2025-04-14 23:20:04.369 [info] [main] Log level: Info
2025-04-14 23:20:04.369 [info] [main] Validating found git in: "git"
2025-04-14 23:20:04.369 [info] [main] Using git "2.30.2" from "git"
2025-04-14 23:20:04.369 [info] [Model][doInitialScan] Initial repository scan started
2025-04-14 23:20:04.369 [info] [Model][doInitialScan] Initial repository scan completed - repositories (0), closed repositories (0), parent repositories (0), unsafe repositories (0)
2025-04-14 23:21:31.527 [info] > git rev-parse --show-toplevel [156ms]
2025-04-14 23:21:52.082 [info] > git rev-parse --show-toplevel [150ms]
2025-04-14 23:21:52.227 [info] > git rev-parse --git-dir --git-common-dir [70ms]
2025-04-14 23:21:52.342 [info] [Model][openRepository] Opened repository: /home/student/laser_tag
2025-04-14 23:21:52.640 [info] > git config --get commit.template [143ms]
2025-04-14 23:21:52.731 [info] > git for-each-ref --format=%(refname)%00%(upstream:short)%00%(objectname)%00%(upstream:track)%00%(upstream:remotename)%00%(upstream:remoteref) refs/heads/main refs/remotes/main [124ms]
2025-04-14 23:21:52.911 [info] > git status -z -uall [134ms]
2025-04-14 23:21:52.940 [info] > git for-each-ref --sort -committerdate --format %(refname) %(objectname) %(*objectname) [81ms]
2025-04-14 23:21:53.306 [info] > git for-each-ref --format=%(refname)%00%(upstream:short)%00%(objectname)%00%(upstream:track)%00%(upstream:remotename)%00%(upstream:remoteref) refs/heads/main refs/remotes/main [141ms]
2025-04-14 23:21:53.383 [info] > git config --get commit.template [104ms]
2025-04-14 23:21:53.443 [info] > git config --get --local branch.main.vscode-merge-base [69ms]
2025-04-14 23:21:53.443 [warning] [Git][config] git config failed: Failed to execute git
2025-04-14 23:21:53.539 [info] > git for-each-ref --format=%(refname)%00%(upstream:short)%00%(objectname)%00%(upstream:track)%00%(upstream:remotename)%00%(upstream:remoteref) refs/heads/main refs/remotes/main [101ms]
2025-04-14 23:21:53.630 [info] > git reflog main --grep-reflog=branch: Created from *. [151ms]
2025-04-14 23:21:53.757 [info] > git status -z -uall [166ms]
2025-04-14 23:21:53.757 [info] > git for-each-ref --sort -committerdate --format %(refname) %(objectname) %(*objectname) [129ms]
2025-04-14 23:21:53.913 [info] > git symbolic-ref --short refs/remotes/origin/HEAD [164ms]
2025-04-14 23:21:53.913 [info] fatal: ref refs/remotes/origin/HEAD is not a symbolic ref
2025-04-14 23:21:53.913 [warning] [Repository][getDefaultBranch] Failed to get default branch details: Failed to execute git.
2025-04-14 23:21:53.999 [info] > git for-each-ref --format=%(refname)%00%(upstream:short)%00%(objectname)%00%(upstream:track)%00%(upstream:remotename)%00%(upstream:remoteref) refs/heads/main refs/remotes/main [125ms]
2025-04-14 23:21:54.127 [info] > git merge-base refs/heads/main refs/remotes/origin/main [153ms]
2025-04-14 23:21:54.304 [info] > git check-ignore -v -z --stdin [179ms]
2025-04-14 23:21:54.315 [info] > git diff --name-status -z --diff-filter=ADMR 8f729f9425e1a5da668e1e15e1d617d8939538a0...refs/remotes/origin/main [127ms]
2025-04-14 23:21:54.335 [info] > git config --get --local branch.main.vscode-merge-base [276ms]
2025-04-14 23:21:54.335 [warning] [Git][config] git config failed: Failed to execute git
2025-04-14 23:21:54.388 [info] > git show --textconv :core/database.py [159ms]
2025-04-14 23:21:54.402 [info] > git ls-files --stage -- core/database.py [98ms]
2025-04-14 23:21:54.462 [info] > git reflog main --grep-reflog=branch: Created from *. [75ms]
2025-04-14 23:21:54.512 [info] > git cat-file -s 2567216d24e5ee20ae0f6ae5b02f3ff7bafd2160 [54ms]
2025-04-14 23:21:54.558 [info] > git symbolic-ref --short refs/remotes/origin/HEAD [69ms]
2025-04-14 23:21:54.558 [info] fatal: ref refs/remotes/origin/HEAD is not a symbolic ref
2025-04-14 23:21:54.558 [warning] [Repository][getDefaultBranch] Failed to get default branch details: Failed to execute git.
2025-04-14 23:22:02.915 [info] > git show --textconv :core/database.py [155ms]
2025-04-14 23:22:02.979 [info] > git ls-files --stage -- core/database.py [103ms]
2025-04-14 23:22:03.116 [info] > git cat-file -s 2567216d24e5ee20ae0f6ae5b02f3ff7bafd2160 [102ms]
2025-04-14 23:22:16.651 [info] > git check-ignore -v -z --stdin [112ms]
2025-04-14 23:22:17.955 [info] > git check-ignore -v -z --stdin [66ms]
2025-04-14 23:22:18.580 [info] > git show --textconv :ui/player_entry_screen.py [98ms]
2025-04-14 23:22:18.586 [info] > git ls-files --stage -- ui/player_entry_screen.py [52ms]
2025-04-14 23:22:18.684 [info] > git cat-file -s f7a4ed0043be2ef9f63dc19146a9819a41fe4c95 [47ms]
2025-04-14 23:22:28.864 [info] > git check-ignore -v -z --stdin [73ms]
2025-04-14 23:22:29.759 [info] > git show --textconv :main.py [89ms]
2025-04-14 23:22:29.837 [info] > git ls-files --stage -- main.py [109ms]
2025-04-14 23:22:29.916 [info] > git cat-file -s c0d560c9d2ef8b641e337b76f853d9f94dabe576 [56ms]
2025-04-14 23:22:30.310 [info] > git blame --root --incremental 8f729f9425e1a5da668e1e15e1d617d8939538a0 -- main.py [27ms]
2025-04-14 23:23:19.913 [info] > git config --get commit.template [14ms]
2025-04-14 23:23:19.919 [info] > git for-each-ref --format=%(refname)%00%(upstream:short)%00%(objectname)%00%(upstream:track)%00%(upstream:remotename)%00%(upstream:remoteref) refs/heads/main refs/remotes/main [8ms]
2025-04-14 23:23:19.949 [info] > git status -z -uall [20ms]
2025-04-14 23:23:19.962 [info] > git for-each-ref --sort -committerdate --format %(refname) %(objectname) %(*objectname) [19ms]
2025-04-14 23:24:35.774 [info] > git for-each-ref --format=%(refname)%00%(upstream:short)%00%(objectname)%00%(upstream:track)%00%(upstream:remotename)%00%(upstream:remoteref) refs/heads/main refs/remotes/main [89ms]
2025-04-14 23:24:35.774 [info] > git config --get commit.template [121ms]
2025-04-14 23:24:35.874 [info] > git ls-files --stage -- main.py [102ms]
2025-04-14 23:24:35.940 [info] > git for-each-ref --sort -committerdate --format %(refname) %(objectname) %(*objectname) [64ms]
2025-04-14 23:24:35.943 [info] > git status -z -uall [98ms]
2025-04-14 23:24:36.069 [info] > git blame --root --incremental 693e5fb487e2e8b99dfdb655f9ff2d94521128a2 -- main.py [66ms]
2025-04-14 23:24:36.071 [info] > git cat-file -s 759bb2154c7364b00a68264dbb3cc240fbbbd5c3 [149ms]
2025-04-14 23:24:36.140 [info] > git merge-base refs/heads/main refs/remotes/origin/main [75ms]
2025-04-14 23:24:36.235 [info] > git diff --name-status -z --diff-filter=ADMR 693e5fb487e2e8b99dfdb655f9ff2d94521128a2...refs/remotes/origin/main [51ms]
2025-04-14 23:24:36.242 [info] > git show --textconv :main.py [31ms]
2025-04-14 23:24:41.111 [info] > git config --get commit.template [19ms]
2025-04-14 23:24:41.126 [info] > git for-each-ref --format=%(refname)%00%(upstream:short)%00%(objectname)%00%(upstream:track)%00%(upstream:remotename)%00%(upstream:remoteref) refs/heads/main refs/remotes/main [16ms]
2025-04-14 23:24:41.172 [info] > git status -z -uall [30ms]
2025-04-14 23:24:41.176 [info] > git for-each-ref --sort -committerdate --format %(refname) %(objectname) %(*objectname) [17ms]
2025-04-14 23:25:21.274 [info] > git ls-files --stage -- core/play_action_screen.py [124ms]
2025-04-14 23:25:21.364 [info] > git show --textconv :core/play_action_screen.py [298ms]
2025-04-14 23:25:21.419 [info] > git cat-file -s 1ab542dd856669db9fd5d71969adfeefa46b34e5 [57ms]
2025-04-14 23:25:44.906 [info] > git blame --root --incremental 693e5fb487e2e8b99dfdb655f9ff2d94521128a2 -- core/play_action_screen.py [64ms]
2025-04-14 23:28:11.112 [info] > git config --get commit.template [15ms]
2025-04-14 23:28:11.117 [info] > git for-each-ref --format=%(refname)%00%(upstream:short)%00%(objectname)%00%(upstream:track)%00%(upstream:remotename)%00%(upstream:remoteref) refs/heads/main refs/remotes/main [8ms]
2025-04-14 23:28:11.160 [info] > git status -z -uall [33ms]
2025-04-14 23:28:11.176 [info] > git for-each-ref --sort -committerdate --format %(refname) %(objectname) %(*objectname) [30ms]
