2025-04-14 16:25:41.802 [warning] Creation of workbench contribution 'workbench.chat.setup' took 36ms.
2025-04-14 16:25:45.621 [info] Started local extension host with pid 3173.
2025-04-14 16:26:07.049 [info] Extension host (LocalProcess pid: 3173) is unresponsive.
2025-04-14 16:26:07.699 [info] Extension host (LocalProcess pid: 3173) is responsive.
2025-04-14 16:26:09.326 [info] Settings Sync: Account status changed from uninitialized to unavailable
2025-04-14 16:26:16.558 [info] [perf] Render performance baseline is 281ms
2025-04-14 18:13:02.956 [warning] [File Watcher (node.js)] Watcher shutdown because watched path got deleted
2025-04-14 21:25:06.203 [error] Illegal value for lineNumber: Error: Illegal value for lineNumber
    at Cf.getLineMaxColumn (vscode-file://vscode-app/usr/share/code/resources/app/out/vs/workbench/workbench.desktop.main.js:253:112)
    at vscode-file://vscode-app/usr/share/code/resources/app/out/vs/workbench/workbench.desktop.main.js:2001:13251
    at HI._computeFn (vscode-file://vscode-app/usr/share/code/resources/app/out/vs/workbench/workbench.desktop.main.js:31:24260)
    at HI.q (vscode-file://vscode-app/usr/share/code/resources/app/out/vs/workbench/workbench.desktop.main.js:31:25793)
    at HI.get (vscode-file://vscode-app/usr/share/code/resources/app/out/vs/workbench/workbench.desktop.main.js:31:25545)
    at HI.reportChanges (vscode-file://vscode-app/usr/share/code/resources/app/out/vs/workbench/workbench.desktop.main.js:31:15998)
    at rse.endUpdate (vscode-file://vscode-app/usr/share/code/resources/app/out/vs/workbench/workbench.desktop.main.js:31:22892)
    at HI.endUpdate (vscode-file://vscode-app/usr/share/code/resources/app/out/vs/workbench/workbench.desktop.main.js:31:26591)
    at _5.finish (vscode-file://vscode-app/usr/share/code/resources/app/out/vs/workbench/workbench.desktop.main.js:31:17858)
    at Hi (vscode-file://vscode-app/usr/share/code/resources/app/out/vs/workbench/workbench.desktop.main.js:31:17251)
2025-04-14 21:36:08.186 [error] Illegal value for lineNumber: Error: Illegal value for lineNumber
    at Cf.getLineMaxColumn (vscode-file://vscode-app/usr/share/code/resources/app/out/vs/workbench/workbench.desktop.main.js:253:112)
    at vscode-file://vscode-app/usr/share/code/resources/app/out/vs/workbench/workbench.desktop.main.js:2001:13251
    at HI._computeFn (vscode-file://vscode-app/usr/share/code/resources/app/out/vs/workbench/workbench.desktop.main.js:31:24260)
    at HI.q (vscode-file://vscode-app/usr/share/code/resources/app/out/vs/workbench/workbench.desktop.main.js:31:25793)
    at HI.get (vscode-file://vscode-app/usr/share/code/resources/app/out/vs/workbench/workbench.desktop.main.js:31:25545)
    at HI.reportChanges (vscode-file://vscode-app/usr/share/code/resources/app/out/vs/workbench/workbench.desktop.main.js:31:15998)
    at rse.endUpdate (vscode-file://vscode-app/usr/share/code/resources/app/out/vs/workbench/workbench.desktop.main.js:31:22892)
    at HI.endUpdate (vscode-file://vscode-app/usr/share/code/resources/app/out/vs/workbench/workbench.desktop.main.js:31:26591)
    at _5.finish (vscode-file://vscode-app/usr/share/code/resources/app/out/vs/workbench/workbench.desktop.main.js:31:17858)
    at Hi (vscode-file://vscode-app/usr/share/code/resources/app/out/vs/workbench/workbench.desktop.main.js:31:17251)
2025-04-14 21:37:21.577 [error] Illegal value for lineNumber: Error: Illegal value for lineNumber
    at Cf.getLineMaxColumn (vscode-file://vscode-app/usr/share/code/resources/app/out/vs/workbench/workbench.desktop.main.js:253:112)
    at vscode-file://vscode-app/usr/share/code/resources/app/out/vs/workbench/workbench.desktop.main.js:2001:13251
    at HI._computeFn (vscode-file://vscode-app/usr/share/code/resources/app/out/vs/workbench/workbench.desktop.main.js:31:24260)
    at HI.q (vscode-file://vscode-app/usr/share/code/resources/app/out/vs/workbench/workbench.desktop.main.js:31:25793)
    at HI.get (vscode-file://vscode-app/usr/share/code/resources/app/out/vs/workbench/workbench.desktop.main.js:31:25545)
    at HI.reportChanges (vscode-file://vscode-app/usr/share/code/resources/app/out/vs/workbench/workbench.desktop.main.js:31:15998)
    at rse.endUpdate (vscode-file://vscode-app/usr/share/code/resources/app/out/vs/workbench/workbench.desktop.main.js:31:22892)
    at HI.endUpdate (vscode-file://vscode-app/usr/share/code/resources/app/out/vs/workbench/workbench.desktop.main.js:31:26591)
    at _5.finish (vscode-file://vscode-app/usr/share/code/resources/app/out/vs/workbench/workbench.desktop.main.js:31:17858)
    at Hi (vscode-file://vscode-app/usr/share/code/resources/app/out/vs/workbench/workbench.desktop.main.js:31:17251)
2025-04-14 21:44:40.073 [error] Illegal value for lineNumber: Error: Illegal value for lineNumber
    at Cf.getLineMaxColumn (vscode-file://vscode-app/usr/share/code/resources/app/out/vs/workbench/workbench.desktop.main.js:253:112)
    at vscode-file://vscode-app/usr/share/code/resources/app/out/vs/workbench/workbench.desktop.main.js:2001:13251
    at HI._computeFn (vscode-file://vscode-app/usr/share/code/resources/app/out/vs/workbench/workbench.desktop.main.js:31:24260)
    at HI.q (vscode-file://vscode-app/usr/share/code/resources/app/out/vs/workbench/workbench.desktop.main.js:31:25793)
    at HI.get (vscode-file://vscode-app/usr/share/code/resources/app/out/vs/workbench/workbench.desktop.main.js:31:25545)
    at HI.reportChanges (vscode-file://vscode-app/usr/share/code/resources/app/out/vs/workbench/workbench.desktop.main.js:31:15998)
    at rse.endUpdate (vscode-file://vscode-app/usr/share/code/resources/app/out/vs/workbench/workbench.desktop.main.js:31:22892)
    at HI.endUpdate (vscode-file://vscode-app/usr/share/code/resources/app/out/vs/workbench/workbench.desktop.main.js:31:26591)
    at _5.finish (vscode-file://vscode-app/usr/share/code/resources/app/out/vs/workbench/workbench.desktop.main.js:31:17858)
    at Hi (vscode-file://vscode-app/usr/share/code/resources/app/out/vs/workbench/workbench.desktop.main.js:31:17251)
2025-04-14 21:51:25.093 [error] Illegal value for lineNumber: Error: Illegal value for lineNumber
    at Cf.getLineMaxColumn (vscode-file://vscode-app/usr/share/code/resources/app/out/vs/workbench/workbench.desktop.main.js:253:112)
    at vscode-file://vscode-app/usr/share/code/resources/app/out/vs/workbench/workbench.desktop.main.js:2001:13251
    at HI._computeFn (vscode-file://vscode-app/usr/share/code/resources/app/out/vs/workbench/workbench.desktop.main.js:31:24260)
    at HI.q (vscode-file://vscode-app/usr/share/code/resources/app/out/vs/workbench/workbench.desktop.main.js:31:25793)
    at HI.get (vscode-file://vscode-app/usr/share/code/resources/app/out/vs/workbench/workbench.desktop.main.js:31:25545)
    at HI.reportChanges (vscode-file://vscode-app/usr/share/code/resources/app/out/vs/workbench/workbench.desktop.main.js:31:15998)
    at rse.endUpdate (vscode-file://vscode-app/usr/share/code/resources/app/out/vs/workbench/workbench.desktop.main.js:31:22892)
    at HI.endUpdate (vscode-file://vscode-app/usr/share/code/resources/app/out/vs/workbench/workbench.desktop.main.js:31:26591)
    at _5.finish (vscode-file://vscode-app/usr/share/code/resources/app/out/vs/workbench/workbench.desktop.main.js:31:17858)
    at Hi (vscode-file://vscode-app/usr/share/code/resources/app/out/vs/workbench/workbench.desktop.main.js:31:17251)
2025-04-14 21:53:15.375 [error] Illegal value for lineNumber: Error: Illegal value for lineNumber
    at Cf.getLineMaxColumn (vscode-file://vscode-app/usr/share/code/resources/app/out/vs/workbench/workbench.desktop.main.js:253:112)
    at vscode-file://vscode-app/usr/share/code/resources/app/out/vs/workbench/workbench.desktop.main.js:2001:13251
    at HI._computeFn (vscode-file://vscode-app/usr/share/code/resources/app/out/vs/workbench/workbench.desktop.main.js:31:24260)
    at HI.q (vscode-file://vscode-app/usr/share/code/resources/app/out/vs/workbench/workbench.desktop.main.js:31:25793)
    at HI.get (vscode-file://vscode-app/usr/share/code/resources/app/out/vs/workbench/workbench.desktop.main.js:31:25545)
    at HI.reportChanges (vscode-file://vscode-app/usr/share/code/resources/app/out/vs/workbench/workbench.desktop.main.js:31:15998)
    at rse.endUpdate (vscode-file://vscode-app/usr/share/code/resources/app/out/vs/workbench/workbench.desktop.main.js:31:22892)
    at HI.endUpdate (vscode-file://vscode-app/usr/share/code/resources/app/out/vs/workbench/workbench.desktop.main.js:31:26591)
    at _5.finish (vscode-file://vscode-app/usr/share/code/resources/app/out/vs/workbench/workbench.desktop.main.js:31:17858)
    at Hi (vscode-file://vscode-app/usr/share/code/resources/app/out/vs/workbench/workbench.desktop.main.js:31:17251)
2025-04-14 22:25:59.766 [info] Extension host (LocalProcess pid: 3173) is unresponsive.
2025-04-14 22:25:59.848 [info] Extension host (LocalProcess pid: 3173) is responsive.
2025-04-14 22:26:55.426 [error] Illegal value for lineNumber: Error: Illegal value for lineNumber
    at Cf.getLineMaxColumn (vscode-file://vscode-app/usr/share/code/resources/app/out/vs/workbench/workbench.desktop.main.js:253:112)
    at vscode-file://vscode-app/usr/share/code/resources/app/out/vs/workbench/workbench.desktop.main.js:2001:13251
    at HI._computeFn (vscode-file://vscode-app/usr/share/code/resources/app/out/vs/workbench/workbench.desktop.main.js:31:24260)
    at HI.q (vscode-file://vscode-app/usr/share/code/resources/app/out/vs/workbench/workbench.desktop.main.js:31:25793)
    at HI.get (vscode-file://vscode-app/usr/share/code/resources/app/out/vs/workbench/workbench.desktop.main.js:31:25545)
    at HI.reportChanges (vscode-file://vscode-app/usr/share/code/resources/app/out/vs/workbench/workbench.desktop.main.js:31:15998)
    at rse.endUpdate (vscode-file://vscode-app/usr/share/code/resources/app/out/vs/workbench/workbench.desktop.main.js:31:22892)
    at HI.endUpdate (vscode-file://vscode-app/usr/share/code/resources/app/out/vs/workbench/workbench.desktop.main.js:31:26591)
    at _5.finish (vscode-file://vscode-app/usr/share/code/resources/app/out/vs/workbench/workbench.desktop.main.js:31:17858)
    at Hi (vscode-file://vscode-app/usr/share/code/resources/app/out/vs/workbench/workbench.desktop.main.js:31:17251)
