2025-04-14 12:31:08.521 [warning] Creation of workbench contribution 'workbench.chat.setup' took 41ms.
2025-04-14 12:31:11.560 [warning] Creation of workbench contribution 'workbench.contrib.editorWordWrapContextKeyTracker' took 107ms.
2025-04-14 12:31:11.872 [info] Started local extension host with pid 3246.
2025-04-14 12:31:30.152 [info] Extension host (LocalProcess pid: 3246) is unresponsive.
2025-04-14 12:31:30.705 [info] Settings Sync: Account status changed from uninitialized to unavailable
2025-04-14 12:31:32.411 [info] Extension host (LocalProcess pid: 3246) is responsive.
2025-04-14 12:31:34.463 [warning] Creation of workbench contribution 'workbench.contrib.dynamicWindowConfiguration' took 167ms.
2025-04-14 12:31:36.998 [info] [perf] Render performance baseline is 231ms
2025-04-14 13:47:42.487 [error] Illegal value for lineNumber: Error: Illegal value for lineNumber
    at Cf.getLineMaxColumn (vscode-file://vscode-app/usr/share/code/resources/app/out/vs/workbench/workbench.desktop.main.js:253:112)
    at vscode-file://vscode-app/usr/share/code/resources/app/out/vs/workbench/workbench.desktop.main.js:2001:13251
    at HI._computeFn (vscode-file://vscode-app/usr/share/code/resources/app/out/vs/workbench/workbench.desktop.main.js:31:24260)
    at HI.q (vscode-file://vscode-app/usr/share/code/resources/app/out/vs/workbench/workbench.desktop.main.js:31:25793)
    at HI.get (vscode-file://vscode-app/usr/share/code/resources/app/out/vs/workbench/workbench.desktop.main.js:31:25545)
    at HI.reportChanges (vscode-file://vscode-app/usr/share/code/resources/app/out/vs/workbench/workbench.desktop.main.js:31:15998)
    at rse.endUpdate (vscode-file://vscode-app/usr/share/code/resources/app/out/vs/workbench/workbench.desktop.main.js:31:22892)
    at HI.endUpdate (vscode-file://vscode-app/usr/share/code/resources/app/out/vs/workbench/workbench.desktop.main.js:31:26591)
    at _5.finish (vscode-file://vscode-app/usr/share/code/resources/app/out/vs/workbench/workbench.desktop.main.js:31:17858)
    at Hi (vscode-file://vscode-app/usr/share/code/resources/app/out/vs/workbench/workbench.desktop.main.js:31:17251)
2025-04-14 14:18:29.672 [warning] [lifecycle] onWillShutdown is taking a long time, pending operations: join.workingCopyHistory
